2022-05-25 22:19:02,354 [Worker-0: Loading available Gradle versions] INFO  o.e.b.c.i.u.g.PublishedGradleVersions - Gradle version information cache is up-to-date. Trying to read.
2022-05-25 22:19:27,495 [Worker-15: Update Maven projects configuration] INFO  o.e.m.c.i.p.ProjectConfigurationManager - Update started
2022-05-25 22:19:27,868 [Worker-15: Update Maven projects configuration] INFO  o.e.m.c.i.l.LifecycleMappingFactory - Using org.eclipse.m2e.jdt.JarLifecycleMapping lifecycle mapping for MavenProject: cs544:Bank_Application:1.0-SNAPSHOT @ /Users/nirmalsilwal/Desktop/MIU/EA/code/Day3/W1D3-Bank_Application/pom.xml.
2022-05-25 22:19:28,055 [Worker-15: Update Maven projects configuration] INFO  o.e.m.j.i.AbstractJavaProjectConfigurator - Adding source folder /W1D3-Bank_Application/src/main/java
2022-05-25 22:19:28,055 [Worker-15: Update Maven projects configuration] INFO  o.e.m.j.i.AbstractJavaProjectConfigurator - Adding resource folder /W1D3-Bank_Application/src/main/resources
2022-05-25 22:19:28,058 [Worker-15: Update Maven projects configuration] INFO  o.e.m.j.i.AbstractJavaProjectConfigurator - Adding source folder /W1D3-Bank_Application/src/test/java
2022-05-25 22:19:28,181 [Worker-0: Building] INFO  o.e.m.c.i.l.LifecycleMappingFactory - Using org.eclipse.m2e.jdt.JarLifecycleMapping lifecycle mapping for MavenProject: cs544:AOP-1:1.0-SNAPSHOT @ /Users/nirmalsilwal/Desktop/MIU/EA/code/Day3/W1D3-AOP-1/pom.xml.
2022-05-25 22:19:28,193 [Worker-0: Building] INFO  o.e.m.c.i.embedder.EclipseLogger - Using 'UTF-8' encoding to copy filtered resources.
2022-05-25 22:19:28,195 [Worker-0: Building] INFO  o.e.m.c.i.embedder.EclipseLogger - Copying 2 resources
2022-05-25 22:19:28,198 [Worker-0: Building] INFO  o.e.m.c.i.embedder.EclipseLogger - Using 'UTF-8' encoding to copy filtered resources.
2022-05-25 22:19:28,198 [Worker-0: Building] INFO  o.e.m.c.i.embedder.EclipseLogger - skip non existing resourceDirectory /Users/nirmalsilwal/Desktop/MIU/EA/code/Day3/W1D3-AOP-1/src/test/resources
2022-05-25 22:19:28,472 [Worker-0: Building] INFO  o.e.m.c.i.embedder.EclipseLogger - Using 'UTF-8' encoding to copy filtered resources.
2022-05-25 22:19:28,472 [Worker-0: Building] INFO  o.e.m.c.i.embedder.EclipseLogger - Copying 1 resource
2022-05-25 22:19:28,473 [Worker-0: Building] INFO  o.e.m.c.i.embedder.EclipseLogger - Using 'UTF-8' encoding to copy filtered resources.
2022-05-25 22:19:28,473 [Worker-0: Building] INFO  o.e.m.c.i.embedder.EclipseLogger - skip non existing resourceDirectory /Users/nirmalsilwal/Desktop/MIU/EA/code/Day3/W1D3-Bank_Application/src/test/resources
2022-05-25 22:19:28,680 [Worker-15: Update Maven projects configuration] INFO  o.e.m.c.i.p.ProjectConfigurationManager - Update completed: 1 sec
2022-05-25 22:19:28,681 [Worker-15: Update Maven projects configuration] INFO  o.e.m.c.i.p.ProjectConfigurationManager - Update started
2022-05-25 22:19:28,760 [Worker-15: Update Maven projects configuration] INFO  o.e.m.c.i.l.LifecycleMappingFactory - Using org.eclipse.m2e.jdt.JarLifecycleMapping lifecycle mapping for MavenProject: cs544:Bank_Application:1.0-SNAPSHOT @ /Users/nirmalsilwal/Desktop/MIU/EA/code/Day3/W1D3-Bank_Application/pom.xml.
2022-05-25 22:19:28,766 [Worker-15: Update Maven projects configuration] INFO  o.e.m.c.i.l.LifecycleMappingFactory - Using org.eclipse.m2e.jdt.JarLifecycleMapping lifecycle mapping for MavenProject: cs544:AOP-1:1.0-SNAPSHOT @ /Users/nirmalsilwal/Desktop/MIU/EA/code/Day3/W1D3-AOP-1/pom.xml.
2022-05-25 22:19:28,804 [Worker-15: Update Maven projects configuration] INFO  o.e.m.j.i.AbstractJavaProjectConfigurator - Adding source folder /W1D3-Bank_Application/src/main/java
2022-05-25 22:19:28,804 [Worker-15: Update Maven projects configuration] INFO  o.e.m.j.i.AbstractJavaProjectConfigurator - Adding resource folder /W1D3-Bank_Application/src/main/resources
2022-05-25 22:19:28,805 [Worker-15: Update Maven projects configuration] INFO  o.e.m.j.i.AbstractJavaProjectConfigurator - Adding source folder /W1D3-Bank_Application/src/test/java
2022-05-25 22:19:28,822 [Worker-15: Update Maven projects configuration] INFO  o.e.m.j.i.AbstractJavaProjectConfigurator - Adding source folder /W1D3-AOP-1/src/main/java
2022-05-25 22:19:28,822 [Worker-15: Update Maven projects configuration] INFO  o.e.m.j.i.AbstractJavaProjectConfigurator - Adding resource folder /W1D3-AOP-1/src/main/resources
2022-05-25 22:19:28,825 [Worker-15: Update Maven projects configuration] INFO  o.e.m.j.i.AbstractJavaProjectConfigurator - Adding source folder /W1D3-AOP-1/src/test/java
2022-05-25 22:19:28,852 [Worker-15: Update Maven projects configuration] INFO  o.e.m.c.i.p.ProjectConfigurationManager - Update completed: 0 sec
2022-05-25 22:19:29,565 [Worker-18: Building] INFO  o.e.m.c.i.embedder.EclipseLogger - Using 'UTF-8' encoding to copy filtered resources.
2022-05-25 22:19:29,566 [Worker-18: Building] INFO  o.e.m.c.i.embedder.EclipseLogger - Copying 2 resources
2022-05-25 22:19:29,569 [Worker-18: Building] INFO  o.e.m.c.i.embedder.EclipseLogger - Using 'UTF-8' encoding to copy filtered resources.
2022-05-25 22:19:29,569 [Worker-18: Building] INFO  o.e.m.c.i.embedder.EclipseLogger - skip non existing resourceDirectory /Users/nirmalsilwal/Desktop/MIU/EA/code/Day3/W1D3-AOP-1/src/test/resources
2022-05-25 22:19:29,663 [Worker-18: Building] INFO  o.e.m.c.i.embedder.EclipseLogger - Using 'UTF-8' encoding to copy filtered resources.
2022-05-25 22:19:29,663 [Worker-18: Building] INFO  o.e.m.c.i.embedder.EclipseLogger - Copying 1 resource
2022-05-25 22:19:29,664 [Worker-18: Building] INFO  o.e.m.c.i.embedder.EclipseLogger - Using 'UTF-8' encoding to copy filtered resources.
2022-05-25 22:19:29,664 [Worker-18: Building] INFO  o.e.m.c.i.embedder.EclipseLogger - skip non existing resourceDirectory /Users/nirmalsilwal/Desktop/MIU/EA/code/Day3/W1D3-Bank_Application/src/test/resources
